<?xml version="1.0" encoding="UTF-8"?>
<testsuite xmlns:xsi="http://www.w3.org/2001/XMLSchema-instance" xsi:noNamespaceSchemaLocation="https://maven.apache.org/surefire/maven-surefire-plugin/xsd/surefire-test-report-3.0.xsd" version="3.0" name="TestSuite" time="36.191" tests="2" errors="0" skipped="0" failures="0">
  <properties>
[...]
</properties>
  <testcase name="changeDate" classname="testcase.TC01ChangeDateTest" time="18.943">
    <system-out><![CDATA[Performed click action on Date Picker Button
0 [main] INFO testcase.TC01ChangeDateTest  - DatePicker Page is displayed.
Performed click action on Calender Button
Performed click action on Next Month Button
Performed click action on Day 7
9498 [main] INFO testcase.TC01ChangeDateTest  - Date is changed.
Performed click action on Time Picker Button
Performed click action on Hour Time Picker
Performed click action on Key 1 in Keyboard
Performed click action on Key 1 in Keyboard
Performed click action on Key 2 in Keyboard
Performed click action on Key 6 in Keyboard
Performed click action on Empty Region around the Time Picker
16202 [main] INFO testcase.TC01ChangeDateTest  - Time is changed.
Performed click action on UIKitCatalog Back Button
]]></system-out>
    <system-err><![CDATA[Nov 30, 2022 7:09:44 PM io.appium.java_client.remote.AppiumCommandExecutor$1 lambda$0
INFO: Detected dialect: W3C
]]></system-err>
  </testcase>
  <testcase name="getText" classname="testcase.TC02EnterAndCompareTextTest" time="6.858">
    <system-out><![CDATA[Performed click action on Text Fields Button
18958 [main] INFO testcase.TC02EnterAndCompareTextTest  - TextFields Page is displayed
Passed the textAutomationinto the default text-field Default Text Field
21053 [main] INFO testcase.TC02EnterAndCompareTextTest  - Text 'Automation' is entered
Performed click action on Done Key in Keyboard
22859 [main] INFO testcase.TC02EnterAndCompareTextTest  - Test Passed
Performed click action on UIKitCatalog Back Button
]]></system-out>
  </testcase>
</testsuite>