<?xml version="1.0" encoding="UTF-8"?>
<!-- Generated by org.testng.reporters.JUnitXMLReporter -->
<testsuite ignored="2" hostname="RFL315.local" failures="0" tests="2" name="iOSAutomation" time="26.191" errors="0" timestamp="30 Nov 2022 13:40:11 GMT">
  <testcase classname="testcase.TC01ChangeDateTest" name="changeDate" time="18.942"/>
  <testcase classname="testcase.TC02EnterAndCompareTextTest" name="getText" time="6.857"/>
  <testcase classname="utilities.CommonFunctionalities" name="@BeforeSuite launch" time="0.0">
    <ignored/>
  </testcase> <!-- @BeforeSuite launch -->
  <testcase classname="utilities.CommonFunctionalities" name="@AfterSuite quit" time="0.0">
    <ignored/>
  </testcase> <!-- @AfterSuite quit -->
</testsuite> <!-- iOSAutomation -->
