<?xml version="1.0" encoding="UTF-8"?>
<!-- Generated by org.testng.reporters.JUnitXMLReporter -->
<testsuite ignored="2" hostname="RFL315.local" failures="0" tests="2" name="iOSAutomation" time="45.241" errors="0" timestamp="01 Dec 2022 10:16:02 GMT">
  <testcase classname="testcase.TC01ChangeDateTest" name="changeDate" time="36.602"/>
  <testcase classname="testcase.TC02EnterAndCompareTextTest" name="getText" time="8.184"/>
  <testcase classname="utilities.CommonFunctionalities" name="@BeforeSuite launch" time="0.0">
    <ignored/>
  </testcase> <!-- @BeforeSuite launch -->
  <testcase classname="utilities.CommonFunctionalities" name="@AfterSuite quit" time="0.0">
    <ignored/>
  </testcase> <!-- @AfterSuite quit -->
</testsuite> <!-- iOSAutomation -->
